<?xml version="1.0" encoding="UTF-8"?>
<!-- Generated by org.testng.reporters.JUnitReportReporter -->
<testsuite hostname="DESKTOP-1G29DJT" failures="0" tests="1" name="JavaPractice.HellowWorldTest" time="6.368" errors="0" timestamp="2025-05-05T18:18:16 IST" skipped="0">
  <testcase classname="JavaPractice.HellowWorldTest" name="loginTest" time="6.368"/>
</testsuite> <!-- JavaPractice.HellowWorldTest -->
